<?xml version="1.0" encoding="UTF-8"?>
<!-- Generated by org.testng.reporters.JUnitReportReporter -->
<testsuite skipped="0" hostname="ClientPC" name="com.crm.qa.testcases.LoginPageTest" tests="3" failures="0" timestamp="09 Oct 2018 21:00:43 GMT" time="30.656" errors="0">
  <testcase name="LoginPageTitleTest" time="9.861" classname="com.crm.qa.testcases.LoginPageTest"/>
  <testcase name="CrmLogoImageTest" time="7.812" classname="com.crm.qa.testcases.LoginPageTest"/>
  <testcase name="LoginTest" time="12.983" classname="com.crm.qa.testcases.LoginPageTest"/>
</testsuite> <!-- com.crm.qa.testcases.LoginPageTest -->
