<?xml version="1.0" encoding="UTF-8"?>
<!-- Generated by org.testng.reporters.JUnitReportReporter -->
<testsuite skipped="0" hostname="ClientPC" name="com.crm.qa.testdata.LoginPageTest" tests="3" failures="0" timestamp="03 Oct 2018 20:49:22 GMT" time="65.546" errors="0">
  <testcase name="LoginPageTitleTest" time="20.761" classname="com.crm.qa.testdata.LoginPageTest"/>
  <testcase name="CrmLogoImageTest" time="17.864" classname="com.crm.qa.testdata.LoginPageTest"/>
  <testcase name="LoginTest" time="26.921" classname="com.crm.qa.testdata.LoginPageTest"/>
</testsuite> <!-- com.crm.qa.testdata.LoginPageTest -->
