<?xml version="1.0" encoding="UTF-8"?>
<!-- Generated by org.testng.reporters.JUnitReportReporter -->
<testsuite skipped="0" hostname="ClientPC" name="com.crm.qa.testcases.HomePageTest" tests="3" failures="0" timestamp="08 Oct 2018 21:43:10 GMT" time="52.625" errors="0">
  <testcase name="VerifyHomePageTitleTest" time="25.186" classname="com.crm.qa.testcases.HomePageTest"/>
  <testcase name="VerifyUsername" time="13.560" classname="com.crm.qa.testcases.HomePageTest"/>
  <testcase name="verifyContactsTest" time="13.879" classname="com.crm.qa.testcases.HomePageTest"/>
</testsuite> <!-- com.crm.qa.testcases.HomePageTest -->
