<?xml version="1.0" encoding="UTF-8"?>
<!-- Generated by org.testng.reporters.JUnitReportReporter -->
<testsuite skipped="0" hostname="ClientPC" name="com.crm.qa.testcases.ContactsPageTest" tests="3" failures="0" timestamp="08 Oct 2018 21:43:10 GMT" time="56.503" errors="0">
  <testcase name="verifyConctactTest" time="16.836" classname="com.crm.qa.testcases.ContactsPageTest"/>
  <testcase name="verifyCreateNewContact" time="19.832" classname="com.crm.qa.testcases.ContactsPageTest"/>
  <testcase name="verifyCreateNewContact" time="19.835" classname="com.crm.qa.testcases.ContactsPageTest"/>
</testsuite> <!-- com.crm.qa.testcases.ContactsPageTest -->
