<?xml version="1.0" encoding="UTF-8"?>
<!-- Generated by org.testng.reporters.JUnitReportReporter -->
<testsuite skipped="0" hostname="ClientPC" name="com.crm.qa.testdata.ContactsPageTest" tests="1" failures="0" timestamp="04 Oct 2018 22:06:33 GMT" time="21.539" errors="0">
  <testcase name="verifyConctactTest" time="21.539" classname="com.crm.qa.testdata.ContactsPageTest"/>
</testsuite> <!-- com.crm.qa.testdata.ContactsPageTest -->
