<?xml version="1.0" encoding="UTF-8"?>
<!-- Generated by org.testng.reporters.JUnitReportReporter -->
<testsuite skipped="0" hostname="ClientPC" name="com.crm.qa.testdata.HomePageTest" tests="3" failures="0" timestamp="03 Oct 2018 21:26:16 GMT" time="56.128" errors="0">
  <testcase name="VerifyHomePageTitleTest" time="20.073" classname="com.crm.qa.testdata.HomePageTest"/>
  <testcase name="VerifyUsername" time="15.688" classname="com.crm.qa.testdata.HomePageTest"/>
  <testcase name="verifyContactsTest" time="20.367" classname="com.crm.qa.testdata.HomePageTest"/>
</testsuite> <!-- com.crm.qa.testdata.HomePageTest -->
